d:\mystudy\hellogameworld\hellogameworld\x64\debug\vc141.pdb
d:\mystudy\hellogameworld\hellogameworld\x64\debug\vc141.idb
d:\mystudy\hellogameworld\hellogameworld\x64\debug\textfileparser.obj
d:\mystudy\hellogameworld\hellogameworld\x64\debug\spritefactory.obj
d:\mystudy\hellogameworld\hellogameworld\x64\debug\sprite.obj
d:\mystudy\hellogameworld\hellogameworld\x64\debug\monsterfactory.obj
d:\mystudy\hellogameworld\hellogameworld\x64\debug\main.obj
d:\mystudy\hellogameworld\hellogameworld\x64\debug\inputhandler.obj
d:\mystudy\hellogameworld\hellogameworld\x64\debug\gamestage.obj
d:\mystudy\hellogameworld\hellogameworld\x64\debug\gameloop.obj
d:\mystudy\hellogameworld\hellogameworld\x64\debug\framecounter.obj
d:\mystudy\hellogameworld\hellogameworld\x64\debug\cwindow.obj
d:\mystudy\hellogameworld\hellogameworld\x64\debug\ctile.obj
d:\mystudy\hellogameworld\hellogameworld\x64\debug\cplayercharacter.obj
d:\mystudy\hellogameworld\hellogameworld\x64\debug\cmonster.obj
d:\mystudy\hellogameworld\hellogameworld\x64\debug\characterfactory.obj
d:\mystudy\hellogameworld\hellogameworld\x64\debug\cfield.obj
d:\mystudy\hellogameworld\hellogameworld\x64\debug\cbackground.obj
d:\mystudy\hellogameworld\hellogameworld\x64\debug\carea.obj
d:\mystudy\hellogameworld\hellogameworld\x64\debug\bitmap.obj
d:\mystudy\hellogameworld\hellogameworld\x64\debug\actionmap.obj
d:\mystudy\hellogameworld\hellogameworld\x64\debug\cplayercharacterinputhandler.obj
d:\mystudy\hellogameworld\hellogameworld\x64\debug\vcpkg.applocal.log
d:\mystudy\hellogameworld\x64\debug\hellogameworld.exe
d:\mystudy\hellogameworld\x64\debug\hellogameworld.ilk
d:\mystudy\hellogameworld\x64\debug\hellogameworld.pdb
d:\mystudy\hellogameworld\hellogameworld\x64\debug\hellogameworld.tlog\cl.command.1.tlog
d:\mystudy\hellogameworld\hellogameworld\x64\debug\hellogameworld.tlog\cl.read.1.tlog
d:\mystudy\hellogameworld\hellogameworld\x64\debug\hellogameworld.tlog\cl.write.1.tlog
d:\mystudy\hellogameworld\hellogameworld\x64\debug\hellogameworld.tlog\hellogameworld.write.1u.tlog
d:\mystudy\hellogameworld\hellogameworld\x64\debug\hellogameworld.tlog\link.command.1.tlog
d:\mystudy\hellogameworld\hellogameworld\x64\debug\hellogameworld.tlog\link.read.1.tlog
d:\mystudy\hellogameworld\hellogameworld\x64\debug\hellogameworld.tlog\link.write.1.tlog
