d:\mystudy\hellogameworld\hellogameworld\release\vc141.pdb
d:\mystudy\hellogameworld\hellogameworld\release\spritebuilder.obj
d:\mystudy\hellogameworld\hellogameworld\release\sprite.obj
d:\mystudy\hellogameworld\hellogameworld\release\main.obj
d:\mystudy\hellogameworld\hellogameworld\release\inputhandler.obj
d:\mystudy\hellogameworld\hellogameworld\release\gameloop.obj
d:\mystudy\hellogameworld\hellogameworld\release\framecounter.obj
d:\mystudy\hellogameworld\hellogameworld\release\cwindow.obj
d:\mystudy\hellogameworld\hellogameworld\release\bitmap.obj
d:\mystudy\hellogameworld\release\hellogameworld.ipdb
d:\mystudy\hellogameworld\release\hellogameworld.iobj
d:\mystudy\hellogameworld\hellogameworld\release\vcpkg.applocal.log
d:\mystudy\hellogameworld\release\hellogameworld.exe
d:\mystudy\hellogameworld\release\hellogameworld.pdb
d:\mystudy\hellogameworld\hellogameworld\release\hellogameworld.tlog\cl.command.1.tlog
d:\mystudy\hellogameworld\hellogameworld\release\hellogameworld.tlog\cl.read.1.tlog
d:\mystudy\hellogameworld\hellogameworld\release\hellogameworld.tlog\cl.write.1.tlog
d:\mystudy\hellogameworld\hellogameworld\release\hellogameworld.tlog\hellogameworld.write.1u.tlog
d:\mystudy\hellogameworld\hellogameworld\release\hellogameworld.tlog\link.command.1.tlog
d:\mystudy\hellogameworld\hellogameworld\release\hellogameworld.tlog\link.read.1.tlog
d:\mystudy\hellogameworld\hellogameworld\release\hellogameworld.tlog\link.write.1.tlog
