  Bitmap.cpp
d:\mystudy\hellogameworld\hellogameworld\bitmap.cpp(7): warning C4244: '인수': 'float'에서 'int'(으)로 변환하면서 데이터가 손실될 수 있습니다.
d:\mystudy\hellogameworld\hellogameworld\bitmap.cpp(13): warning C4244: '인수': 'float'에서 'int'(으)로 변환하면서 데이터가 손실될 수 있습니다.
d:\mystudy\hellogameworld\hellogameworld\bitmap.cpp(27): warning C4244: '인수': 'float'에서 'int'(으)로 변환하면서 데이터가 손실될 수 있습니다.
d:\mystudy\hellogameworld\hellogameworld\bitmap.cpp(33): warning C4244: '인수': 'float'에서 'int'(으)로 변환하면서 데이터가 손실될 수 있습니다.
  CWindow.cpp
d:\mystudy\hellogameworld\hellogameworld\cwindow.cpp(26): warning C4302: '형식 캐스트': 'LPWSTR'에서 'WORD'(으)로 잘립니다.
d:\mystudy\hellogameworld\hellogameworld\cwindow.cpp(29): warning C4302: '형식 캐스트': 'LPWSTR'에서 'WORD'(으)로 잘립니다.
  FrameCounter.cpp
  GameLoop.cpp
  InputHandler.cpp
  main.cpp
  Sprite.cpp
d:\mystudy\hellogameworld\hellogameworld\sprite.cpp(21): warning C4244: '=': 'float'에서 'BYTE'(으)로 변환하면서 데이터가 손실될 수 있습니다.
d:\mystudy\hellogameworld\hellogameworld\sprite.cpp(24): warning C4244: '초기화 중': 'double'에서 'float'(으)로 변환하면서 데이터가 손실될 수 있습니다.
d:\mystudy\hellogameworld\hellogameworld\sprite.cpp(25): warning C4244: '초기화 중': 'double'에서 'float'(으)로 변환하면서 데이터가 손실될 수 있습니다.
d:\mystudy\hellogameworld\hellogameworld\sprite.cpp(33): warning C4244: '초기화 중': 'double'에서 'float'(으)로 변환하면서 데이터가 손실될 수 있습니다.
d:\mystudy\hellogameworld\hellogameworld\sprite.cpp(34): warning C4244: '초기화 중': 'double'에서 'float'(으)로 변환하면서 데이터가 손실될 수 있습니다.
d:\mystudy\hellogameworld\hellogameworld\sprite.cpp(43): warning C4244: '-=': 'double'에서 'float'(으)로 변환하면서 데이터가 손실될 수 있습니다.
d:\mystudy\hellogameworld\hellogameworld\sprite.cpp(55): warning C4244: '+=': 'double'에서 'float'(으)로 변환하면서 데이터가 손실될 수 있습니다.
  SpriteBuilder.cpp
  코드를 생성하고 있습니다.
  All 633 functions were compiled because no usable IPDB/IOBJ from previous compilation was found.
  코드를 생성했습니다.
  HelloGameWorld.vcxproj -> D:\MyStudy\HelloGameWorld\Release\HelloGameWorld.exe
